  GameManager.cpp
C:\Users\icotvaquero\Documents\GitHub\G-TECH-1\1 Jeu 1 jour\Day3\Day3\Day3\Vector2D.h(19,31): warning C4244: 'initialisation' : conversion de 'int' en 'float', perte possible de données
  (compiler le fichier source 'GameManager.cpp')
  
C:\Users\icotvaquero\Documents\GitHub\G-TECH-1\1 Jeu 1 jour\Day3\Day3\Day3\Vector2D.h(19,37): warning C4244: 'initialisation' : conversion de 'int' en 'float', perte possible de données
  (compiler le fichier source 'GameManager.cpp')
  
C:\Users\icotvaquero\Documents\GitHub\G-TECH-1\1 Jeu 1 jour\Day3\Day3\Day3\Entity.h(24,22): warning C4244: '=' : conversion de 'int' en 'float', perte possible de données
  (compiler le fichier source 'GameManager.cpp')
  
C:\Users\icotvaquero\Documents\GitHub\G-TECH-1\1 Jeu 1 jour\Day3\Day3\Day3\Entity.h(25,22): warning C4244: '=' : conversion de 'int' en 'float', perte possible de données
  (compiler le fichier source 'GameManager.cpp')
  
C:\Users\icotvaquero\Documents\GitHub\G-TECH-1\1 Jeu 1 jour\Day3\Day3\Day3\GameManager.cpp(79,16): warning C4244: 'initialisation' : conversion de 'const _Ty' en 'int', perte possible de données
C:\Users\icotvaquero\Documents\GitHub\G-TECH-1\1 Jeu 1 jour\Day3\Day3\Day3\GameManager.cpp(79,16): warning C4244:         with
C:\Users\icotvaquero\Documents\GitHub\G-TECH-1\1 Jeu 1 jour\Day3\Day3\Day3\GameManager.cpp(79,16): warning C4244:         [
C:\Users\icotvaquero\Documents\GitHub\G-TECH-1\1 Jeu 1 jour\Day3\Day3\Day3\GameManager.cpp(79,16): warning C4244:             _Ty=float
C:\Users\icotvaquero\Documents\GitHub\G-TECH-1\1 Jeu 1 jour\Day3\Day3\Day3\GameManager.cpp(79,16): warning C4244:         ]
C:\Users\icotvaquero\Documents\GitHub\G-TECH-1\1 Jeu 1 jour\Day3\Day3\Day3\GameManager.cpp(80,16): warning C4244: 'initialisation' : conversion de 'const _Ty' en 'int', perte possible de données
C:\Users\icotvaquero\Documents\GitHub\G-TECH-1\1 Jeu 1 jour\Day3\Day3\Day3\GameManager.cpp(80,16): warning C4244:         with
C:\Users\icotvaquero\Documents\GitHub\G-TECH-1\1 Jeu 1 jour\Day3\Day3\Day3\GameManager.cpp(80,16): warning C4244:         [
C:\Users\icotvaquero\Documents\GitHub\G-TECH-1\1 Jeu 1 jour\Day3\Day3\Day3\GameManager.cpp(80,16): warning C4244:             _Ty=float
C:\Users\icotvaquero\Documents\GitHub\G-TECH-1\1 Jeu 1 jour\Day3\Day3\Day3\GameManager.cpp(80,16): warning C4244:         ]
C:\Users\icotvaquero\Documents\GitHub\G-TECH-1\1 Jeu 1 jour\Day3\Day3\Day3\GameManager.cpp(165,11): warning C4244: 'initialisation' : conversion de 'float' en 'int', perte possible de données
  InputManager.cpp
C:\Users\icotvaquero\Documents\GitHub\G-TECH-1\1 Jeu 1 jour\Day3\Day3\Day3\Vector2D.h(19,31): warning C4244: 'initialisation' : conversion de 'int' en 'float', perte possible de données
  (compiler le fichier source 'InputManager.cpp')
  
C:\Users\icotvaquero\Documents\GitHub\G-TECH-1\1 Jeu 1 jour\Day3\Day3\Day3\Vector2D.h(19,37): warning C4244: 'initialisation' : conversion de 'int' en 'float', perte possible de données
  (compiler le fichier source 'InputManager.cpp')
  
  main.cpp
C:\Users\icotvaquero\Documents\GitHub\G-TECH-1\1 Jeu 1 jour\Day3\Day3\Day3\Vector2D.h(19,31): warning C4244: 'initialisation' : conversion de 'int' en 'float', perte possible de données
  (compiler le fichier source 'main.cpp')
  
C:\Users\icotvaquero\Documents\GitHub\G-TECH-1\1 Jeu 1 jour\Day3\Day3\Day3\Vector2D.h(19,37): warning C4244: 'initialisation' : conversion de 'int' en 'float', perte possible de données
  (compiler le fichier source 'main.cpp')
  
C:\Users\icotvaquero\Documents\GitHub\G-TECH-1\1 Jeu 1 jour\Day3\Day3\Day3\Entity.h(24,22): warning C4244: '=' : conversion de 'int' en 'float', perte possible de données
  (compiler le fichier source 'main.cpp')
  
C:\Users\icotvaquero\Documents\GitHub\G-TECH-1\1 Jeu 1 jour\Day3\Day3\Day3\Entity.h(25,22): warning C4244: '=' : conversion de 'int' en 'float', perte possible de données
  (compiler le fichier source 'main.cpp')
  
C:\Users\icotvaquero\Documents\GitHub\G-TECH-1\1 Jeu 1 jour\Day3\Day3\Day3\main.cpp(33,37): warning C4244: 'argument' : conversion de 'float' en 'Uint32', perte possible de données
  MenuManager.cpp
  Obstacles.cpp
C:\Users\icotvaquero\Documents\GitHub\G-TECH-1\1 Jeu 1 jour\Day3\Day3\Day3\Vector2D.h(19,31): warning C4244: 'initialisation' : conversion de 'int' en 'float', perte possible de données
  (compiler le fichier source 'Obstacles.cpp')
  
C:\Users\icotvaquero\Documents\GitHub\G-TECH-1\1 Jeu 1 jour\Day3\Day3\Day3\Vector2D.h(19,37): warning C4244: 'initialisation' : conversion de 'int' en 'float', perte possible de données
  (compiler le fichier source 'Obstacles.cpp')
  
C:\Users\icotvaquero\Documents\GitHub\G-TECH-1\1 Jeu 1 jour\Day3\Day3\Day3\Entity.h(24,22): warning C4244: '=' : conversion de 'int' en 'float', perte possible de données
  (compiler le fichier source 'Obstacles.cpp')
  
C:\Users\icotvaquero\Documents\GitHub\G-TECH-1\1 Jeu 1 jour\Day3\Day3\Day3\Entity.h(25,22): warning C4244: '=' : conversion de 'int' en 'float', perte possible de données
  (compiler le fichier source 'Obstacles.cpp')
  
  Player.cpp
C:\Users\icotvaquero\Documents\GitHub\G-TECH-1\1 Jeu 1 jour\Day3\Day3\Day3\Vector2D.h(19,31): warning C4244: 'initialisation' : conversion de 'int' en 'float', perte possible de données
  (compiler le fichier source 'Player.cpp')
  
C:\Users\icotvaquero\Documents\GitHub\G-TECH-1\1 Jeu 1 jour\Day3\Day3\Day3\Vector2D.h(19,37): warning C4244: 'initialisation' : conversion de 'int' en 'float', perte possible de données
  (compiler le fichier source 'Player.cpp')
  
C:\Users\icotvaquero\Documents\GitHub\G-TECH-1\1 Jeu 1 jour\Day3\Day3\Day3\Entity.h(24,22): warning C4244: '=' : conversion de 'int' en 'float', perte possible de données
  (compiler le fichier source 'Player.cpp')
  
C:\Users\icotvaquero\Documents\GitHub\G-TECH-1\1 Jeu 1 jour\Day3\Day3\Day3\Entity.h(25,22): warning C4244: '=' : conversion de 'int' en 'float', perte possible de données
  (compiler le fichier source 'Player.cpp')
  
C:\Users\icotvaquero\Documents\GitHub\G-TECH-1\1 Jeu 1 jour\Day3\Day3\Day3\Player.cpp(9,48): warning C4305: 'argument' : troncation de 'int' à 'Uint8'
C:\Users\icotvaquero\Documents\GitHub\G-TECH-1\1 Jeu 1 jour\Day3\Day3\Day3\Player.cpp(9,48): warning C4309: 'argument' : troncation de valeur de constante
  Génération de code en cours...
  Day3.vcxproj -> C:\Users\icotvaquero\Documents\GitHub\G-TECH-1\1 Jeu 1 jour\Day3\Day3\x64\Debug\Day3.exe
