  AmbiantShader.cpp
\src\MiniStudio\AmbiantShader.cpp(1,1): error C1083: No se puede abrir el archivo origen: '..\..\..\src\MiniStudio\AmbiantShader.cpp': No such file or directory
  (compilando archivo de origen "/src/MiniStudio/AmbiantShader.cpp")
  
  ArrowLogic.cpp
\src\MiniStudio\ArrowLogic.cpp(1,1): error C1083: No se puede abrir el archivo origen: '..\..\..\src\MiniStudio\ArrowLogic.cpp': No such file or directory
  (compilando archivo de origen "/src/MiniStudio/ArrowLogic.cpp")
  
  BatMovement.cpp
\src\MiniStudio\BatMovement.cpp(1,1): error C1083: No se puede abrir el archivo origen: '..\..\..\src\MiniStudio\BatMovement.cpp': No such file or directory
  (compilando archivo de origen "/src/MiniStudio/BatMovement.cpp")
  
  CheckZoneLogic.cpp
\src\MiniStudio\CheckZoneLogic.cpp(1,1): error C1083: No se puede abrir el archivo origen: '..\..\..\src\MiniStudio\CheckZoneLogic.cpp': No such file or directory
  (compilando archivo de origen "/src/MiniStudio/CheckZoneLogic.cpp")
  
  DeathMenuScene.cpp
\src\MiniStudio\DeathMenuScene.cpp(1,1): error C1083: No se puede abrir el archivo origen: '..\..\..\src\MiniStudio\DeathMenuScene.cpp': No such file or directory
  (compilando archivo de origen "/src/MiniStudio/DeathMenuScene.cpp")
  
  DoorLogic.cpp
\src\MiniStudio\DoorLogic.cpp(1,1): error C1083: No se puede abrir el archivo origen: '..\..\..\src\MiniStudio\DoorLogic.cpp': No such file or directory
  (compilando archivo de origen "/src/MiniStudio/DoorLogic.cpp")
  
  EndMenu.cpp
\src\MiniStudio\EndMenu.cpp(1,1): error C1083: No se puede abrir el archivo origen: '..\..\..\src\MiniStudio\EndMenu.cpp': No such file or directory
  (compilando archivo de origen "/src/MiniStudio/EndMenu.cpp")
  
  HealthBar.cpp
\src\MiniStudio\HealthBar.cpp(1,1): error C1083: No se puede abrir el archivo origen: '..\..\..\src\MiniStudio\HealthBar.cpp': No such file or directory
  (compilando archivo de origen "/src/MiniStudio/HealthBar.cpp")
  
  HypeBar.cpp
\src\MiniStudio\HypeBar.cpp(1,1): error C1083: No se puede abrir el archivo origen: '..\..\..\src\MiniStudio\HypeBar.cpp': No such file or directory
  (compilando archivo de origen "/src/MiniStudio/HypeBar.cpp")
  
  Inventory.cpp
\src\MiniStudio\Inventory.cpp(1,1): error C1083: No se puede abrir el archivo origen: '..\..\..\src\MiniStudio\Inventory.cpp': No such file or directory
  (compilando archivo de origen "/src/MiniStudio/Inventory.cpp")
  
  KeyBinds.cpp
\src\MiniStudio\KeyBinds.cpp(1,1): error C1083: No se puede abrir el archivo origen: '..\..\..\src\MiniStudio\KeyBinds.cpp': No such file or directory
  (compilando archivo de origen "/src/MiniStudio/KeyBinds.cpp")
  
  main.cpp
\src\MiniStudio\main.cpp(1,1): error C1083: No se puede abrir el archivo origen: '..\..\..\src\MiniStudio\main.cpp': No such file or directory
  (compilando archivo de origen "/src/MiniStudio/main.cpp")
  
  MainMenuScene.cpp
\src\MiniStudio\MainMenuScene.cpp(1,1): error C1083: No se puede abrir el archivo origen: '..\..\..\src\MiniStudio\MainMenuScene.cpp': No such file or directory
  (compilando archivo de origen "/src/MiniStudio/MainMenuScene.cpp")
  
  MusicChange.cpp
\src\MiniStudio\MusicChange.cpp(1,1): error C1083: No se puede abrir el archivo origen: '..\..\..\src\MiniStudio\MusicChange.cpp': No such file or directory
  (compilando archivo de origen "/src/MiniStudio/MusicChange.cpp")
  
  PauseScene.cpp
\src\MiniStudio\PauseScene.cpp(1,1): error C1083: No se puede abrir el archivo origen: '..\..\..\src\MiniStudio\PauseScene.cpp': No such file or directory
  (compilando archivo de origen "/src/MiniStudio/PauseScene.cpp")
  
  PlayerAnimationController.cpp
\src\MiniStudio\PlayerAnimationController.cpp(1,1): error C1083: No se puede abrir el archivo origen: '..\..\..\src\MiniStudio\PlayerAnimationController.cpp': No such file or directory
  (compilando archivo de origen "/src/MiniStudio/PlayerAnimationController.cpp")
  
  PlayerHealth.cpp
\src\MiniStudio\PlayerHealth.cpp(1,1): error C1083: No se puede abrir el archivo origen: '..\..\..\src\MiniStudio\PlayerHealth.cpp': No such file or directory
  (compilando archivo de origen "/src/MiniStudio/PlayerHealth.cpp")
  
  PlayerInteract.cpp
\src\MiniStudio\PlayerInteract.cpp(1,1): error C1083: No se puede abrir el archivo origen: '..\..\..\src\MiniStudio\PlayerInteract.cpp': No such file or directory
  (compilando archivo de origen "/src/MiniStudio/PlayerInteract.cpp")
  
  PlayerMovement.cpp
\src\MiniStudio\PlayerMovement.cpp(1,1): error C1083: No se puede abrir el archivo origen: '..\..\..\src\MiniStudio\PlayerMovement.cpp': No such file or directory
  (compilando archivo de origen "/src/MiniStudio/PlayerMovement.cpp")
  
  PlayerWalljump.cpp
\src\MiniStudio\PlayerWalljump.cpp(1,1): error C1083: No se puede abrir el archivo origen: '..\..\..\src\MiniStudio\PlayerWalljump.cpp': No such file or directory
  (compilando archivo de origen "/src/MiniStudio/PlayerWalljump.cpp")
  
  Generando código...
  Compilando...
  RatMovement.cpp
\src\MiniStudio\RatMovement.cpp(1,1): error C1083: No se puede abrir el archivo origen: '..\..\..\src\MiniStudio\RatMovement.cpp': No such file or directory
  (compilando archivo de origen "/src/MiniStudio/RatMovement.cpp")
  
  RebindButton.cpp
\src\MiniStudio\RebindButton.cpp(1,1): error C1083: No se puede abrir el archivo origen: '..\..\..\src\MiniStudio\RebindButton.cpp': No such file or directory
  (compilando archivo de origen "/src/MiniStudio/RebindButton.cpp")
  
  RhythmSpawner.cpp
\src\MiniStudio\RhythmSpawner.cpp(1,1): error C1083: No se puede abrir el archivo origen: '..\..\..\src\MiniStudio\RhythmSpawner.cpp': No such file or directory
  (compilando archivo de origen "/src/MiniStudio/RhythmSpawner.cpp")
  
  RythmeText.cpp
\src\MiniStudio\RythmeText.cpp(1,1): error C1083: No se puede abrir el archivo origen: '..\..\..\src\MiniStudio\RythmeText.cpp': No such file or directory
  (compilando archivo de origen "/src/MiniStudio/RythmeText.cpp")
  
  SettingsLoader.cpp
\src\MiniStudio\SettingsLoader.cpp(1,1): error C1083: No se puede abrir el archivo origen: '..\..\..\src\MiniStudio\SettingsLoader.cpp': No such file or directory
  (compilando archivo de origen "/src/MiniStudio/SettingsLoader.cpp")
  
  SettingsScene.cpp
\src\MiniStudio\SettingsScene.cpp(1,1): error C1083: No se puede abrir el archivo origen: '..\..\..\src\MiniStudio\SettingsScene.cpp': No such file or directory
  (compilando archivo de origen "/src/MiniStudio/SettingsScene.cpp")
  
  Slider.cpp
\src\MiniStudio\Slider.cpp(1,1): error C1083: No se puede abrir el archivo origen: '..\..\..\src\MiniStudio\Slider.cpp': No such file or directory
  (compilando archivo de origen "/src/MiniStudio/Slider.cpp")
  
  SoundEffect.cpp
\src\MiniStudio\SoundEffect.cpp(1,1): error C1083: No se puede abrir el archivo origen: '..\..\..\src\MiniStudio\SoundEffect.cpp': No such file or directory
  (compilando archivo de origen "/src/MiniStudio/SoundEffect.cpp")
  
  StartScene.cpp
\src\MiniStudio\StartScene.cpp(1,1): error C1083: No se puede abrir el archivo origen: '..\..\..\src\MiniStudio\StartScene.cpp': No such file or directory
  (compilando archivo de origen "/src/MiniStudio/StartScene.cpp")
  
  Generando código...
